<?xml version="1.0" encoding="UTF-8"?>
<TestRun id="2f66bb39-d841-4069-a848-1e7eafb5a3b0" name="Frank.Chung@PC000512 2014-11-25 11:16:09" runUser="ADVANTECH\Frank.Chung" xmlns="http://microsoft.com/schemas/VisualStudio/TeamTest/2010">
  <TestSettings name="Local" id="9484e598-a5a6-4a9a-b4a4-a5417aac554c">
    <Description>These are default test settings for a local test run.</Description>
    <Deployment enabled="false" runDeploymentRoot="Frank.Chung_PC000512 2014-11-25 11_16_09">
      <DeploymentItem filename="D:\Advantech\MyAdvantech\SAPDAL\Bin\GetCreditExposure.dll" />
      <DeploymentItem filename="D:\Advantech\MyAdvantech\SAPDAL\bin\BAPI_SALESORDER_CHANGE.dll" />
      <DeploymentItem filename="D:\Advantech\MyAdvantech\SAPDAL\Bin\Bapi_Quotation_Create.dll" />
      <DeploymentItem filename="D:\Advantech\MyAdvantech\SAPDAL\Bin\PRICE_GRADE.dll" />
      <DeploymentItem filename="D:\Advantech\MyAdvantech\SAPDAL\Bin\BAPI_SALESORDER_SIMULATE.dll" />
      <DeploymentItem filename="D:\Advantech\MyAdvantech\SAPDAL\Bin\GetMultiATP.dll" />
      <DeploymentItem filename="D:\Advantech\MyAdvantech\SAPDAL\Bin\BAPI_CUSTOMERQUOTATION_CHANGE.dll" />
      <DeploymentItem filename="D:\oracle\product\11.2.0\client_1\ODP.NET\bin\2.x\Oracle.DataAccess.dll" />
      <DeploymentItem filename="D:\Advantech\MyAdvantech\SAPDAL\Bin\ZSD_CUSTOMER_MAINTAIN_ALL.dll" />
      <DeploymentItem filename="D:\Advantech\MyAdvantech\SAPDAL\Bin\GET_MATERIAL_ATP.dll" />
      <DeploymentItem filename="D:\Advantech\MyAdvantech\SAPDAL\Bin\Z_GET_ATP_LIMITQTY.dll" />
      <DeploymentItem filename="D:\Advantech\MyAdvantech\SAPDAL\Bin\Z_SD_EUPRICEINQUERY.dll" />
      <DeploymentItem filename="D:\Advantech\MyAdvantech\SAPDAL\Bin\SO_CREATE_COMMIT.dll" />
      <DeploymentItem filename="D:\Advantech\MyAdvantech\SAPDAL\Bin\Get_Price.dll" />
      <DeploymentItem filename="D:\Advantech\MyAdvantech\SAPDAL\Bin\Change_SD_Order.dll" />
      <DeploymentItem filename="D:\Advantech\MyAdvantech\SAPDAL\bin\Debug\SAPDAL.dll" />
      <DeploymentItem filename="D:\Advantech\MyAdvantech\SAPDAL\Bin\ZCUSTOMER_UPDATE_SALES_AREA.dll" />
      <DeploymentItem filename="D:\Advantech\MyAdvantech\SAPDAL\Bin\Quotation_Create_SAP.dll" />
      <DeploymentItem filename="D:\Advantech\MyAdvantech\SAPDAL\Bin\ZSD_QUOTATION_ABR.dll" />
      <DeploymentItem filename="D:\Advantech\MyAdvantech\SAPDAL\Bin\ZSD_UPDATE_FPLA.dll" />
      <DeploymentItem filename="D:\Advantech\MyAdvantech\SAPDAL\Bin\Factory_Date_Conversion.dll" />
      <DeploymentItem filename="D:\Advantech\MyAdvantech\SAPDAL\Bin\SAP.Connector.dll" />
      <DeploymentItem filename="D:\Advantech\MyAdvantech\SAPDAL\Bin\Create_Po.dll" />
      <DeploymentItem filename="D:\Advantech\MyAdvantech\SAPDAL\Bin\BAPI_SALESORDER_CREATEFROMDAT2.dll" />
      <DeploymentItem filename="D:\Advantech\MyAdvantech\SAPDAL\Bin\ZGET_ATP_LIMITQTY.dll" />
      <DeploymentItem filename="D:\Advantech\MyAdvantech\SAPDAL\Bin\Z_EBIZAEU_PRICEINQUIRY_BR.dll" />
    </Deployment>
    <Execution>
      <TestTypeSpecific />
      <AgentRule name="Execution Agents">
      </AgentRule>
    </Execution>
  </TestSettings>
  <Times creation="2014-11-25T11:16:09.0378127+08:00" queuing="2014-11-25T11:16:10.5049594+08:00" start="2014-11-25T11:16:10.5879677+08:00" finish="2014-11-25T11:16:48.6847770+08:00" />
  <ResultSummary outcome="Inconclusive">
    <Counters total="1" executed="1" error="0" failed="0" timeout="0" aborted="0" inconclusive="1" passedButRunAborted="0" notRunnable="0" notExecuted="0" disconnected="0" warning="0" passed="0" completed="0" inProgress="0" pending="0" />
    <RunInfos>
      <RunInfo computerName="PC000512" outcome="Warning" timestamp="2014-11-25T11:16:09.0758165+08:00">
        <Text>Deployment is currently disabled. The deployment item 'SAPDAL.dll' on test 'SAPDALTestProject.SAPDALTest.GetMultiPrice_eStoreTest' was not deployed.</Text>
      </RunInfo>
    </RunInfos>
  </ResultSummary>
  <TestDefinitions>
    <UnitTest name="GetMultiPrice_eStoreTest" storage="d:\advantech\myadvantech\edoc\sapdaltestproject\bin\debug\sapdaltestproject.dll" id="d9bcc237-83fb-88d4-ed17-611aeb6948d2">
      <DeploymentItems>
        <DeploymentItem filename="SAPDAL.dll" />
      </DeploymentItems>
      <Execution id="d3e4fbf1-9ebf-4ec2-82a0-2726ac1fcc5f" />
      <TestMethod codeBase="D:/Advantech/MyAdvantech/eDoc/SAPDALTestProject/bin/Debug/SAPDALTestProject.DLL" adapterTypeName="Microsoft.VisualStudio.TestTools.TestTypes.Unit.UnitTestAdapter, Microsoft.VisualStudio.QualityTools.Tips.UnitTest.Adapter, Version=10.0.0.0, Culture=neutral, PublicKeyToken=b03f5f7f11d50a3a" className="SAPDALTestProject.SAPDALTest, SAPDALTestProject, Version=1.0.0.0, Culture=neutral, PublicKeyToken=null" name="GetMultiPrice_eStoreTest" />
    </UnitTest>
  </TestDefinitions>
  <TestLists>
    <TestList name="Results Not in a List" id="8c84fa94-04c1-424b-9868-57a2d4851a1d" />
    <TestList name="All Loaded Results" id="19431567-8539-422a-85d7-44ee4e166bda" />
  </TestLists>
  <TestEntries>
    <TestEntry testId="d9bcc237-83fb-88d4-ed17-611aeb6948d2" executionId="d3e4fbf1-9ebf-4ec2-82a0-2726ac1fcc5f" testListId="8c84fa94-04c1-424b-9868-57a2d4851a1d" />
  </TestEntries>
  <Results>
    <UnitTestResult executionId="d3e4fbf1-9ebf-4ec2-82a0-2726ac1fcc5f" testId="d9bcc237-83fb-88d4-ed17-611aeb6948d2" testName="GetMultiPrice_eStoreTest" computerName="PC000512" duration="00:00:36.2576926" startTime="2014-11-25T11:16:10.6669756+08:00" endTime="2014-11-25T11:16:48.6137699+08:00" testType="13cdc9d9-ddb5-4fa4-a97d-d965ccfc6d4b" outcome="Inconclusive" testListId="8c84fa94-04c1-424b-9868-57a2d4851a1d" relativeResultsDirectory="d3e4fbf1-9ebf-4ec2-82a0-2726ac1fcc5f">
      <Output>
        <ErrorInfo>
          <Message>Assert.Inconclusive failed. Verify the correctness of this test method.</Message>
          <StackTrace>   at SAPDALTestProject.SAPDALTest.GetMultiPrice_eStoreTest() in D:\Advantech\MyAdvantech\eDoc\SAPDALTestProject\SAPDALTest.vb:line 85
</StackTrace>
        </ErrorInfo>
      </Output>
    </UnitTestResult>
  </Results>
</TestRun>