<?xml version="1.0" encoding="UTF-8"?>
<TestRun id="6b5fd78a-ce3a-4d34-8069-b725cf55348d" name="Frank.Chung@PC000512 2014-11-28 14:24:44" runUser="ADVANTECH\Frank.Chung" xmlns="http://microsoft.com/schemas/VisualStudio/TeamTest/2010">
  <TestSettings name="Local" id="9484e598-a5a6-4a9a-b4a4-a5417aac554c">
    <Description>These are default test settings for a local test run.</Description>
    <Deployment enabled="false" runDeploymentRoot="Frank.Chung_PC000512 2014-11-28 14_24_44">
      <DeploymentItem filename="D:\Advantech\MyAdvantech\SAPDAL\Bin\GetCreditExposure.dll" />
      <DeploymentItem filename="D:\Advantech\MyAdvantech\SAPDAL\bin\BAPI_SALESORDER_CHANGE.dll" />
      <DeploymentItem filename="D:\Advantech\MyAdvantech\SAPDAL\Bin\Bapi_Quotation_Create.dll" />
      <DeploymentItem filename="D:\Advantech\MyAdvantech\SAPDAL\Bin\PRICE_GRADE.dll" />
      <DeploymentItem filename="D:\Advantech\MyAdvantech\SAPDAL\Bin\BAPI_SALESORDER_SIMULATE.dll" />
      <DeploymentItem filename="D:\Advantech\MyAdvantech\SAPDAL\Bin\GetMultiATP.dll" />
      <DeploymentItem filename="D:\Advantech\MyAdvantech\SAPDAL\Bin\BAPI_CUSTOMERQUOTATION_CHANGE.dll" />
      <DeploymentItem filename="D:\oracle\product\11.2.0\client_1\ODP.NET\bin\2.x\Oracle.DataAccess.dll" />
      <DeploymentItem filename="D:\Advantech\MyAdvantech\SAPDAL\Bin\ZSD_CUSTOMER_MAINTAIN_ALL.dll" />
      <DeploymentItem filename="D:\Advantech\MyAdvantech\SAPDAL\Bin\Z_EBIZAEU_PRICEINQUIRY_BR.dll" />
      <DeploymentItem filename="D:\Advantech\MyAdvantech\SAPDAL\Bin\Z_GET_ATP_LIMITQTY.dll" />
      <DeploymentItem filename="D:\Advantech\MyAdvantech\SAPDAL\Bin\Z_SD_EUPRICEINQUERY.dll" />
      <DeploymentItem filename="D:\Advantech\MyAdvantech\SAPDAL\Bin\SO_CREATE_COMMIT.dll" />
      <DeploymentItem filename="D:\Advantech\MyAdvantech\SAPDAL\Bin\Get_Price.dll" />
      <DeploymentItem filename="D:\Advantech\MyAdvantech\SAPDAL\Bin\Change_SD_Order.dll" />
      <DeploymentItem filename="D:\Advantech\MyAdvantech\SAPDAL\bin\Debug\SAPDAL.dll" />
      <DeploymentItem filename="D:\Advantech\MyAdvantech\SAPDAL\Bin\ZCUSTOMER_UPDATE_SALES_AREA.dll" />
      <DeploymentItem filename="D:\Advantech\MyAdvantech\SAPDAL\Bin\ZGET_ATP_LIMITQTY.dll" />
      <DeploymentItem filename="D:\Advantech\MyAdvantech\SAPDAL\Bin\ZSD_QUOTATION_ABR.dll" />
      <DeploymentItem filename="D:\Advantech\MyAdvantech\SAPDAL\Bin\ZSD_UPDATE_FPLA.dll" />
      <DeploymentItem filename="D:\Advantech\MyAdvantech\SAPDAL\Bin\Factory_Date_Conversion.dll" />
      <DeploymentItem filename="D:\Advantech\MyAdvantech\SAPDAL\Bin\SAP.Connector.dll" />
      <DeploymentItem filename="D:\Advantech\MyAdvantech\SAPDAL\Bin\Create_Po.dll" />
      <DeploymentItem filename="D:\Advantech\MyAdvantech\SAPDAL\Bin\BAPI_SALESORDER_CREATEFROMDAT2.dll" />
      <DeploymentItem filename="D:\Advantech\MyAdvantech\SAPDAL\Bin\GET_MATERIAL_ATP.dll" />
      <DeploymentItem filename="D:\Advantech\MyAdvantech\SAPDAL\Bin\Quotation_Create_SAP.dll" />
    </Deployment>
    <Execution>
      <TestTypeSpecific />
      <AgentRule name="Execution Agents">
      </AgentRule>
    </Execution>
  </TestSettings>
  <Times creation="2014-11-28T14:24:44.0226310+08:00" queuing="2014-11-28T14:24:47.0309318+08:00" start="2014-11-28T14:24:47.1339421+08:00" finish="2014-11-28T14:24:49.4511738+08:00" />
  <ResultSummary outcome="Warning">
    <Counters total="1" executed="1" passed="1" error="0" failed="0" timeout="0" aborted="0" inconclusive="0" passedButRunAborted="0" notRunnable="0" notExecuted="0" disconnected="0" warning="0" completed="0" inProgress="0" pending="0" />
    <RunInfos>
      <RunInfo computerName="PC000512" outcome="Warning" timestamp="2014-11-28T14:24:45.3317619+08:00">
        <Text>Deployment is currently disabled. The deployment item 'SAPDAL.dll' on test 'SAPDALTestProject.SAPDALTest.GetMultiPrice_eStoreTest' was not deployed.</Text>
      </RunInfo>
    </RunInfos>
  </ResultSummary>
  <TestDefinitions>
    <UnitTest name="GetMultiPrice_eStoreTest" storage="d:\advantech\myadvantech\edoc\sapdaltestproject\bin\debug\sapdaltestproject.dll" id="d9bcc237-83fb-88d4-ed17-611aeb6948d2">
      <DeploymentItems>
        <DeploymentItem filename="SAPDAL.dll" />
      </DeploymentItems>
      <Execution id="096d9b9b-2223-46e5-b078-0bac045cba9d" />
      <TestMethod codeBase="D:/Advantech/MyAdvantech/eDoc/SAPDALTestProject/bin/Debug/SAPDALTestProject.DLL" adapterTypeName="Microsoft.VisualStudio.TestTools.TestTypes.Unit.UnitTestAdapter, Microsoft.VisualStudio.QualityTools.Tips.UnitTest.Adapter, Version=10.0.0.0, Culture=neutral, PublicKeyToken=b03f5f7f11d50a3a" className="SAPDALTestProject.SAPDALTest, SAPDALTestProject, Version=1.0.0.0, Culture=neutral, PublicKeyToken=null" name="GetMultiPrice_eStoreTest" />
    </UnitTest>
  </TestDefinitions>
  <TestLists>
    <TestList name="Results Not in a List" id="8c84fa94-04c1-424b-9868-57a2d4851a1d" />
    <TestList name="All Loaded Results" id="19431567-8539-422a-85d7-44ee4e166bda" />
  </TestLists>
  <TestEntries>
    <TestEntry testId="d9bcc237-83fb-88d4-ed17-611aeb6948d2" executionId="096d9b9b-2223-46e5-b078-0bac045cba9d" testListId="8c84fa94-04c1-424b-9868-57a2d4851a1d" />
  </TestEntries>
  <Results>
    <UnitTestResult executionId="096d9b9b-2223-46e5-b078-0bac045cba9d" testId="d9bcc237-83fb-88d4-ed17-611aeb6948d2" testName="GetMultiPrice_eStoreTest" computerName="PC000512" duration="00:00:01.7623430" startTime="2014-11-28T14:24:47.2379525+08:00" endTime="2014-11-28T14:24:49.4261713+08:00" testType="13cdc9d9-ddb5-4fa4-a97d-d965ccfc6d4b" outcome="Passed" testListId="8c84fa94-04c1-424b-9868-57a2d4851a1d" relativeResultsDirectory="096d9b9b-2223-46e5-b078-0bac045cba9d">
    </UnitTestResult>
  </Results>
</TestRun>